<?xml version="1.0" encoding="UTF-8"?>
<testng-results skipped="0" failed="0" total="1" passed="1">
  <reporter-output>
  </reporter-output>
  <suite name="Default suite" duration-ms="26178" started-at="2016-12-13T01:30:56Z" finished-at="2016-12-13T01:31:22Z">
    <groups>
    </groups>
    <test name="Default test" duration-ms="26178" started-at="2016-12-13T01:30:56Z" finished-at="2016-12-13T01:31:22Z">
      <class name="pom.LoginTC">
        <test-method status="PASS" signature="test()[pri:0, instance:pom.LoginTC@6e918ac0]" name="test" duration-ms="26124" started-at="2016-12-13T07:00:56Z" finished-at="2016-12-13T07:01:22Z">
          <reporter-output>
          </reporter-output>
        </test-method> <!-- test -->
      </class> <!-- pom.LoginTC -->
    </test> <!-- Default test -->
  </suite> <!-- Default suite -->
</testng-results>
